easeui/build/outputs/logs/manifest-merger-debug-report.txt
-- Merging decision tree log ---
manifest
ADDED from ZhanQun\easeui\AndroidManifest.xml:2:1-11:12
INJECTED from ZhanQun\easeui\AndroidManifest.xml:2:1-11:12
INJECTED from ZhanQun\easeui\AndroidManifest.xml:2:1-11:12
INJECTED from ZhanQun\easeui\AndroidManifest.xml:2:1-11:12
INJECTED from ZhanQun\easeui\AndroidManifest.xml:2:1-11:12
INJECTED from ZhanQun\easeui\AndroidManifest.xml:2:1-11:12
INJECTED from ZhanQun\easeui\AndroidManifest.xml:2:1-11:12
	package
		ADDED from ZhanQun\easeui\AndroidManifest.xml:3:5-35
		INJECTED from ZhanQun\easeui\AndroidManifest.xml
		INJECTED from ZhanQun\easeui\AndroidManifest.xml
	android:versionName
		ADDED from ZhanQun\easeui\AndroidManifest.xml:5:5-30
		INJECTED from ZhanQun\easeui\AndroidManifest.xml
		INJECTED from ZhanQun\easeui\AndroidManifest.xml
	xmlns:android
		ADDED from ZhanQun\easeui\AndroidManifest.xml:2:11-69
	android:versionCode
		ADDED from ZhanQun\easeui\AndroidManifest.xml:4:5-28
		INJECTED from ZhanQun\easeui\AndroidManifest.xml
		INJECTED from ZhanQun\easeui\AndroidManifest.xml
uses-sdk
ADDED from ZhanQun\easeui\AndroidManifest.xml:7:5-9:41
INJECTED from ZhanQun\easeui\AndroidManifest.xml:7:5-9:41
INJECTED from ZhanQun\easeui\AndroidManifest.xml:7:5-9:41
INJECTED from ZhanQun\easeui\AndroidManifest.xml:7:5-9:41
INJECTED from ZhanQun\easeui\AndroidManifest.xml:7:5-9:41
	android:targetSdkVersion
		ADDED from ZhanQun\easeui\AndroidManifest.xml:9:9-38
		INJECTED from ZhanQun\easeui\AndroidManifest.xml
		INJECTED from ZhanQun\easeui\AndroidManifest.xml
	android:minSdkVersion
		INJECTED from ZhanQun\easeui\AndroidManifest.xml
		ADDED from ZhanQun\easeui\AndroidManifest.xml:7:5-9:41
		INJECTED from ZhanQun\easeui\AndroidManifest.xml